Watching for file changes with StatReloader
Watching for file changes with StatReloader
Unauthorized: /crud/projects/
"PATCH /crud/projects/ HTTP/1.1" 401 183
"POST /access/ HTTP/1.1" 200 483
Method Not Allowed: /crud/projects/
"PATCH /crud/projects/ HTTP/1.1" 405 42
Not Found: /crud/projects/1/
"PATCH /crud/projects/1/ HTTP/1.1" 404 2788
Not Found: /crud/projects/1/
"PATCH /crud/projects/1/ HTTP/1.1" 404 2788
"POST /crud/projects/ HTTP/1.1" 200 227
Not Found: /crud/projects/2/
"GET /crud/projects/2/ HTTP/1.1" 404 2786
C:\Users\Vaibhavi Vijay Waika\Desktop\tasks\task2\custom_user\projects\urls.py changed, reloading.
Watching for file changes with StatReloader
"GET /crud/projects/2/ HTTP/1.1" 200 227
"PATCH /crud/projects/2/ HTTP/1.1" 200 227
"PUT /crud/projects/2/ HTTP/1.1" 200 227
Watching for file changes with StatReloader
Not Found: /
"GET / HTTP/1.1" 404 2489
Not Found: /favicon.ico
"GET /favicon.ico HTTP/1.1" 404 2540
Unauthorized: /crud/projects/
"GET /crud/projects/ HTTP/1.1" 401 5116
"GET /static/rest_framework/css/bootstrap.min.css HTTP/1.1" 200 121457
"GET /static/rest_framework/js/default.js HTTP/1.1" 200 1268
"GET /static/rest_framework/css/bootstrap-tweaks.css HTTP/1.1" 200 3385
"GET /static/rest_framework/css/default.css HTTP/1.1" 200 1152
"GET /static/rest_framework/css/prettify.css HTTP/1.1" 200 817
"GET /static/rest_framework/js/jquery-3.5.1.min.js HTTP/1.1" 200 89476
"GET /static/rest_framework/js/bootstrap.min.js HTTP/1.1" 200 39680
"GET /static/rest_framework/js/prettify-min.js HTTP/1.1" 200 13632
"GET /static/rest_framework/js/ajax-form.js HTTP/1.1" 200 3597
"GET /static/rest_framework/js/csrf.js HTTP/1.1" 200 1719
"GET /static/rest_framework/img/grid.png HTTP/1.1" 200 1458
Unauthorized: /crud/projects/
"GET /crud/projects/ HTTP/1.1" 401 5116
C:\Users\Vaibhavi Vijay Waika\Desktop\tasks\task2\custom_user\projects\views.py changed, reloading.
Watching for file changes with StatReloader
C:\Users\Vaibhavi Vijay Waika\Desktop\tasks\task2\custom_user\projects\views.py changed, reloading.
Watching for file changes with StatReloader
C:\Users\Vaibhavi Vijay Waika\Desktop\tasks\task2\custom_user\projects\views.py changed, reloading.
Watching for file changes with StatReloader
C:\Users\Vaibhavi Vijay Waika\Desktop\tasks\task2\custom_user\projects\views.py changed, reloading.
Watching for file changes with StatReloader
C:\Users\Vaibhavi Vijay Waika\Desktop\tasks\task2\custom_user\projects\views.py changed, reloading.
Watching for file changes with StatReloader
C:\Users\Vaibhavi Vijay Waika\Desktop\tasks\task2\custom_user\projects\views.py changed, reloading.
Watching for file changes with StatReloader
C:\Users\Vaibhavi Vijay Waika\Desktop\tasks\task2\custom_user\projects\views.py changed, reloading.
Watching for file changes with StatReloader
C:\Users\Vaibhavi Vijay Waika\Desktop\tasks\task2\custom_user\projects\views.py changed, reloading.
Watching for file changes with StatReloader
C:\Users\Vaibhavi Vijay Waika\Desktop\tasks\task2\custom_user\projects\views.py changed, reloading.
Watching for file changes with StatReloader
C:\Users\Vaibhavi Vijay Waika\Desktop\tasks\task2\custom_user\projects\views.py changed, reloading.
Watching for file changes with StatReloader
C:\Users\Vaibhavi Vijay Waika\Desktop\tasks\task2\custom_user\projects\views.py changed, reloading.
Watching for file changes with StatReloader
C:\Users\Vaibhavi Vijay Waika\Desktop\tasks\task2\custom_user\projects\views.py changed, reloading.
Watching for file changes with StatReloader
C:\Users\Vaibhavi Vijay Waika\Desktop\tasks\task2\custom_user\projects\views.py changed, reloading.
Watching for file changes with StatReloader
C:\Users\Vaibhavi Vijay Waika\Desktop\tasks\task2\custom_user\projects\views.py changed, reloading.
Watching for file changes with StatReloader
C:\Users\Vaibhavi Vijay Waika\Desktop\tasks\task2\custom_user\projects\views.py changed, reloading.
Watching for file changes with StatReloader
project info is updated
"PATCH /crud/projects/2/ HTTP/1.1" 200 2
"GET /crud/projects/2/ HTTP/1.1" 200 228
Watching for file changes with StatReloader
project info is updated
"PATCH /crud/projects/2/ HTTP/1.1" 200 2
"GET /crud/projects/2/ HTTP/1.1" 200 229
project info is updated
"PATCH /crud/projects/2/ HTTP/1.1" 200 2
"GET /crud/projects/2/ HTTP/1.1" 200 229
C:\Users\Vaibhavi Vijay Waika\Desktop\tasks\task2\custom_user\projects\views.py changed, reloading.
Watching for file changes with StatReloader
C:\Users\Vaibhavi Vijay Waika\Desktop\tasks\task2\custom_user\projects\views.py changed, reloading.
Watching for file changes with StatReloader
C:\Users\Vaibhavi Vijay Waika\Desktop\tasks\task2\custom_user\projects\views.py changed, reloading.
Watching for file changes with StatReloader
C:\Users\Vaibhavi Vijay Waika\Desktop\tasks\task2\custom_user\projects\views.py changed, reloading.
Watching for file changes with StatReloader
C:\Users\Vaibhavi Vijay Waika\Desktop\tasks\task2\custom_user\projects\views.py changed, reloading.
Watching for file changes with StatReloader
C:\Users\Vaibhavi Vijay Waika\Desktop\tasks\task2\custom_user\projects\views.py changed, reloading.
Watching for file changes with StatReloader
C:\Users\Vaibhavi Vijay Waika\Desktop\tasks\task2\custom_user\projects\views.py changed, reloading.
Watching for file changes with StatReloader
C:\Users\Vaibhavi Vijay Waika\Desktop\tasks\task2\custom_user\projects\views.py changed, reloading.
Watching for file changes with StatReloader
C:\Users\Vaibhavi Vijay Waika\Desktop\tasks\task2\custom_user\projects\views.py changed, reloading.
Watching for file changes with StatReloader
C:\Users\Vaibhavi Vijay Waika\Desktop\tasks\task2\custom_user\projects\views.py changed, reloading.
Watching for file changes with StatReloader
C:\Users\Vaibhavi Vijay Waika\Desktop\tasks\task2\custom_user\projects\views.py changed, reloading.
Watching for file changes with StatReloader
C:\Users\Vaibhavi Vijay Waika\Desktop\tasks\task2\custom_user\projects\views.py changed, reloading.
Watching for file changes with StatReloader
C:\Users\Vaibhavi Vijay Waika\Desktop\tasks\task2\custom_user\projects\views.py changed, reloading.
Watching for file changes with StatReloader
C:\Users\Vaibhavi Vijay Waika\Desktop\tasks\task2\custom_user\projects\views.py changed, reloading.
Watching for file changes with StatReloader
